
--- Job mipreg_mosek.gms Start 10/02/25 15:13:02 50.4.1 84b10359 WEX-WEI x86 64bit/MS Windows
--- Applying:
    C:\GAMS\50\gmsprmNT.txt
--- GAMS Parameters defined
    Input C:\Users\freal\MATLAB\Projects\untitled\code\3node\mipreg_mosek.gms
    PageSize 0
    ScrDir C:\Users\freal\MATLAB\Projects\untitled\code\3node\225j\
    SysDir C:\GAMS\50\
    LogOption 3
    AppendLog 1
    ErrMsg 1
    ErrorLog 99
    IDE 1
    LstTitleLeftAligned 1
Licensee: Luis Cadarso Morga                             G250911+0003Ac-GEN
          University Rey Juan Carlos                                DCE4613
          225j\gamslice.dat
          node:23539203 mem:64 cores:8 ipport:57802 v:2                    
          Course license for use within the course and related course work
          The expiration date of time-limited license is Feb 08, 2026
System information: 8 physical cores and 64 Gb physical memory detected
GAMS 50.4.1   Copyright (C) 1987-2025 GAMS Development. All rights reserved
--- Starting compilation
--- mipreg_mosek.gms(11) 2 Mb
--- . param_definition.gms(20) 3 Mb
--- .. b.txt(1800) 3 Mb
--- . param_definition.gms(25) 3 Mb
--- .. bord.txt(1800) 3 Mb
--- . param_definition.gms(30) 3 Mb
--- .. lin_coef.txt(1800) 3 Mb
--- . param_definition.gms(37) 3 Mb
--- .. demand.txt(9) 3 Mb
--- . param_definition.gms(43) 3 Mb
--- .. alt_time.txt(9) 3 Mb
--- . param_definition.gms(49) 3 Mb
--- .. alt_price.txt(9) 3 Mb
--- . param_definition.gms(55) 3 Mb
--- .. link_cost.txt(9) 3 Mb
--- . param_definition.gms(60) 3 Mb
--- .. link_capacity_slope.txt(9) 3 Mb
--- . param_definition.gms(65) 3 Mb
--- .. prices.txt(9) 3 Mb
--- . param_definition.gms(70) 3 Mb
--- .. op_link_cost.txt(9) 3 Mb
--- . param_definition.gms(77) 3 Mb
--- .. candidates.txt(9) 3 Mb
--- . param_definition.gms(82) 3 Mb
--- .. travel_time.txt(9) 3 Mb
--- . param_definition.gms(88) 3 Mb
--- .. station_cost.txt(3) 3 Mb
--- . param_definition.gms(93) 3 Mb
--- .. station_capacity_slope.txt(3) 3 Mb
--- . param_definition.gms(99) 3 Mb
--- .. a_prev.txt(9) 3 Mb
--- . param_definition.gms(104) 3 Mb
--- .. s_prev.txt(3) 3 Mb
--- . param_definition.gms(120) 3 Mb
--- .. lam.txt(1) 3 Mb
--- . param_definition.gms(124) 3 Mb
--- .. alfa.txt(1) 3 Mb
--- . param_definition.gms(128) 3 Mb
--- .. beta.txt(1) 3 Mb
--- . param_definition.gms(132) 3 Mb
--- .. dm_pax.txt(1) 3 Mb
--- . param_definition.gms(136) 3 Mb
--- .. dm_op.txt(1) 3 Mb
--- . param_definition.gms(140) 3 Mb
--- .. budget.txt(1) 3 Mb
--- . param_definition.gms(145) 3 Mb
--- .. budget.txt(1) 3 Mb
--- . param_definition.gms(153) 3 Mb
--- mipreg_mosek.gms(440) 3 Mb
--- Starting execution: elapsed 0:00:00.024
--- mipreg_mosek.gms(5997) 4 Mb
--- Generating MINLP model netplan
--- mipreg_mosek.gms(5999) 6 Mb
---   210 rows  205 columns  636 non-zeroes
---   144 nl-code  36 nl-non-zeroes
---   12 discrete-columns
--- Range statistics (absolute non-zero finite values)
--- RHS       [min, max] : [ 1.000E-03, 1.000E+05] - Zero values observed as well
--- Bound     [min, max] : [ 1.000E+00, 1.000E+00] - Zero values observed as well
--- Matrix    [min, max] : [ 5.000E-03, 5.000E+04]
--- mipreg_mosek.gms(5999) 4 Mb
--- Executing MOSEK (Solvelink=2): elapsed 0:00:00.029

MOSEK            50.4.1 84b10359 Aug 28, 2025          WEI x86 64bit/MS Window

	M O S E K       version 11.0.28 (Build date: 2025-8-25 13:05:23)
	Copyright (C)   MOSEK ApS, Fruebjergvej 3, Box 16
	                DK-2100 Copenhagen, Denmark
	                https://www.mosek.com


Extraction of quadratics (ThreePass algorithm): 0.00s
Setting up initial integer solution.
Problem
  Name                   :                 
  Objective sense        : minimize        
  Type                   : CONIC (conic optimization problem)
  Constraints            : 209             
  Affine conic cons.     : 0               
  Disjunctive cons.      : 0               
  Cones                  : 18              
  Scalar variables       : 204             
  Matrix variables       : 0               
  Integer variables      : 12              

Optimizer started.
Mixed integer optimizer started.
Threads used: 16
Presolve started.
Presolve terminated. Time = 0.01, probing time =  0.00
Presolved problem: 102 variables, 64 constraints, 246 non-zeros
Presolved problem: 0 general integer, 9 binary, 93 continuous
Presolved problem: 12 cones
Clique table size: 0
Removed blocks   : 6
BRANCHES RELAXS   ACT_NDS  DEPTH    BEST_INT_OBJ         BEST_RELAX_OBJ       REL_GAP(%)  TIME  
0        6        1        0        7.3343960269e+01     NA                   NA          0.0   
0        7        1        0        -4.9143664516e+01    -6.1582546536e+01    25.31       0.0   
Root cut generation started.
0        7        1        0        -4.9143664516e+01    -6.1582546536e+01    25.31       0.0   
Root cut generation terminated. Time = 0.00
0        10       1        0        -5.9062014494e+01    -6.1582546536e+01    4.27        0.0   
10       22       5        3        -5.9062014494e+01    -6.1582546749e+01    4.27        0.0   
21       34       10       8        -5.9062014494e+01    -6.1582546749e+01    4.27        0.1   
28       40       9        4        -5.9964004348e+01    -6.1582546749e+01    2.70        0.1   
45       52       0        6        -5.9964004348e+01    -5.9964004348e+01    0.00e+00    0.1   
An optimal solution satisfying the relative gap tolerance of 0.00e+00(%) has been located.
The relative gap is 0.00e+00(%).
An optimal solution satisfying the absolute gap tolerance of 0.00e+00 has been located.
The absolute gap is 0.00e+00.

Objective of best integer solution : -5.996400434796e+01     
Best objective bound               : -5.996400434796e+01     
Initial feasible solution objective: Undefined
Construct solution objective       : Not employed
User objective cut value           : Not employed
Number of cuts generated           : 15
  Number of CMIR cuts              : 6
  Number of implied bound cuts     : 9
Number of branches                 : 45
Number of relaxations solved       : 52
Number of interior point iterations: 620
Number of simplex iterations       : 0
Time spend presolving the root     : 0.01
Time spend optimizing the root     : 0.00
Mixed integer optimizer terminated. Time: 0.07

Optimizer terminated. Time: 0.07    


Integer solution solution summary
  Problem status  : PRIMAL_FEASIBLE
  Solution status : INTEGER_OPTIMAL
  Primal.  obj: -5.9964004348e+01   nrm: 1e+02    Viol.  con: 3e-08    var: 1e-08    cones: 1e-09    itg: 0e+00  

Return code - 0 [MSK_RES_OK]: No error occurred.

Solving fixed problem...

MOSEK            50.4.1 84b10359 Aug 28, 2025          WEI x86 64bit/MS Window

	M O S E K       version 11.0.28 (Build date: 2025-8-25 13:05:23)
	Copyright (C)   MOSEK ApS, Fruebjergvej 3, Box 16
	                DK-2100 Copenhagen, Denmark
	                https://www.mosek.com


Extraction of quadratics (ThreePass algorithm): 0.00s
Problem
  Name                   :                 
  Objective sense        : minimize        
  Type                   : CONIC (conic optimization problem)
  Constraints            : 209             
  Affine conic cons.     : 0               
  Disjunctive cons.      : 0               
  Cones                  : 18              
  Scalar variables       : 204             
  Matrix variables       : 0               
  Integer variables      : 0               

Optimizer started.
Presolve started.
Linear dependency checker started.
Linear dependency checker terminated.
Eliminator started.
Freed constraints in eliminator : 18
Eliminator terminated.
Eliminator - tries                  : 1                 time                   : 0.00            
Lin. dep.  - tries                  : 1                 time                   : 0.00            
Lin. dep.  - primal attempts        : 1                 successes              : 1               
Lin. dep.  - dual attempts          : 0                 successes              : 0               
Lin. dep.  - primal deps.           : 6                 dual deps.             : 0               
Presolve terminated. Time: 0.00    
Optimizer  - threads                : 16              
Optimizer  - solved problem         : the primal      
Optimizer  - Constraints            : 33              
Optimizer  - Cones                  : 12              
Optimizer  - Scalar variables       : 83                conic                  : 36              
Optimizer  - Semi-definite variables: 0                 scalarized             : 0               
Factor     - setup time             : 0.00            
Factor     - dense det. time        : 0.00              GP order time          : 0.00            
Factor     - nonzeros before factor : 137               after factor           : 160             
Factor     - dense dim.             : 0                 flops                  : 1.47e+03        
ITE PFEAS    DFEAS    GFEAS    PRSTATUS   POBJ              DOBJ              MU       TIME  
0   9.9e+01  2.2e+01  8.1e+01  0.00e+00   7.049048624e+01   -9.122264897e+00  1.0e+00  0.00  
1   4.1e+01  9.1e+00  5.0e+01  -9.52e-01  1.350580660e+02   5.953010567e+01   4.1e-01  0.00  
2   1.3e+01  2.8e+00  2.4e+01  -8.51e-01  7.760292240e+01   1.847353712e+01   1.3e-01  0.00  
3   3.5e+00  7.9e-01  6.4e+00  -3.65e-01  -5.728241992e+01  -8.358684014e+01  3.6e-02  0.00  
4   1.2e+00  2.7e-01  1.1e+00  8.47e-01   -5.650299244e+01  -6.574585069e+01  1.2e-02  0.00  
5   3.7e-01  8.2e-02  1.7e-01  1.05e+00   -5.781904464e+01  -6.049510321e+01  3.7e-03  0.00  
6   1.4e-01  3.0e-02  3.7e-02  1.11e+00   -5.948067953e+01  -6.040743214e+01  1.4e-03  0.00  
7   1.2e-02  2.6e-03  8.4e-04  1.06e+00   -5.994321887e+01  -6.002016759e+01  1.2e-04  0.00  
8   1.2e-03  2.7e-04  2.6e-05  1.08e+00   -5.996095208e+01  -5.996867429e+01  1.2e-05  0.00  
9   1.3e-04  3.0e-05  9.5e-07  1.04e+00   -5.996294528e+01  -5.996378602e+01  1.4e-06  0.00  
10  2.7e-05  6.1e-06  9.0e-08  9.96e-01   -5.996366470e+01  -5.996383532e+01  2.8e-07  0.00  
11  5.6e-06  1.2e-06  8.4e-09  9.90e-01   -5.996394740e+01  -5.996398205e+01  5.6e-08  0.00  
12  3.7e-08  8.2e-09  4.4e-12  9.99e-01   -5.996400302e+01  -5.996400325e+01  3.6e-10  0.00  
Optimizer terminated. Time: 0.00    


Interior-point solution summary
  Problem status  : PRIMAL_AND_DUAL_FEASIBLE
  Solution status : OPTIMAL
  Primal.  obj: -5.9964003022e+01   nrm: 1e+02    Viol.  con: 3e-06    var: 2e-09    cones: 0e+00  
  Dual.    obj: -5.9964003258e+01   nrm: 7e+02    Viol.  con: 3e-09    var: 7e-08    cones: 0e+00  

Return code - 0 [MSK_RES_OK]: No error occurred.

MIP Solution:          -59.964003   (620 iterations, 45 nodes)
Final Solve:           -59.964003   (12 iterations)

Best possible:         -59.964004
Absolute gap:            0.000001
Relative gap:            0.000000
--- Reading solution for model netplan
--- Executing after solve: elapsed 0:00:00.158
--- mipreg_mosek.gms(6013) 4 Mb
--- GDX File (execute_unload) C:\Users\freal\MATLAB\Projects\untitled\code\3node\resultado.gdx
--- mipreg_mosek.gms(6022) 6 Mb
--- Initialize embedded library embconnectcclib64.dll
--- Execute embedded library embconnectcclib64.dll
--- mipreg_mosek.gms(6035) 6 Mb
--- Initialize embedded library embconnectcclib64.dll
--- Execute embedded library embconnectcclib64.dll
--- mipreg_mosek.gms(6048) 7 Mb
--- Initialize embedded library embconnectcclib64.dll
--- Execute embedded library embconnectcclib64.dll
--- Putfile fijx C:\Users\freal\MATLAB\Projects\untitled\code\3node\fij_long.csv
*** Status: Normal completion
--- Job mipreg_mosek.gms Stop 10/02/25 15:13:03 elapsed 0:00:00.807
